<?xml version="1.0" encoding="UTF-8"?>
<testsuite xmlns:xsi="http://www.w3.org/2001/XMLSchema-instance" xsi:noNamespaceSchemaLocation="https://maven.apache.org/surefire/maven-surefire-plugin/xsd/surefire-test-report.xsd" name="UserTest.RegistrationUserTest" time="4.061" tests="5" errors="0" skipped="0" failures="0">
  <properties>
    <property name="java.specification.version" value="19"/>
    <property name="sun.jnu.encoding" value="UTF-8"/>
    <property name="java.class.path" value="/Users/hoodozhnik/Desktop/Diplom_2/target/test-classes:/Users/hoodozhnik/Desktop/Diplom_2/target/classes:/Users/hoodozhnik/.m2/repository/io/rest-assured/rest-assured/5.3.1/rest-assured-5.3.1.jar:/Users/hoodozhnik/.m2/repository/org/apache/groovy/groovy/4.0.11/groovy-4.0.11.jar:/Users/hoodozhnik/.m2/repository/org/apache/groovy/groovy-xml/4.0.11/groovy-xml-4.0.11.jar:/Users/hoodozhnik/.m2/repository/org/apache/httpcomponents/httpclient/4.5.13/httpclient-4.5.13.jar:/Users/hoodozhnik/.m2/repository/org/apache/httpcomponents/httpcore/4.4.13/httpcore-4.4.13.jar:/Users/hoodozhnik/.m2/repository/commons-logging/commons-logging/1.2/commons-logging-1.2.jar:/Users/hoodozhnik/.m2/repository/commons-codec/commons-codec/1.11/commons-codec-1.11.jar:/Users/hoodozhnik/.m2/repository/org/apache/httpcomponents/httpmime/4.5.13/httpmime-4.5.13.jar:/Users/hoodozhnik/.m2/repository/org/hamcrest/hamcrest/2.2/hamcrest-2.2.jar:/Users/hoodozhnik/.m2/repository/org/ccil/cowan/tagsoup/tagsoup/1.2.1/tagsoup-1.2.1.jar:/Users/hoodozhnik/.m2/repository/io/rest-assured/json-path/5.3.1/json-path-5.3.1.jar:/Users/hoodozhnik/.m2/repository/org/apache/groovy/groovy-json/4.0.11/groovy-json-4.0.11.jar:/Users/hoodozhnik/.m2/repository/io/rest-assured/rest-assured-common/5.3.1/rest-assured-common-5.3.1.jar:/Users/hoodozhnik/.m2/repository/io/rest-assured/xml-path/5.3.1/xml-path-5.3.1.jar:/Users/hoodozhnik/.m2/repository/org/apache/commons/commons-lang3/3.11/commons-lang3-3.11.jar:/Users/hoodozhnik/.m2/repository/junit/junit/4.13.2/junit-4.13.2.jar:/Users/hoodozhnik/.m2/repository/org/hamcrest/hamcrest-core/1.3/hamcrest-core-1.3.jar:/Users/hoodozhnik/.m2/repository/com/google/code/gson/gson/2.10.1/gson-2.10.1.jar:/Users/hoodozhnik/.m2/repository/io/qameta/allure/allure-junit4/2.21.0/allure-junit4-2.21.0.jar:/Users/hoodozhnik/.m2/repository/io/qameta/allure/allure-java-commons/2.21.0/allure-java-commons-2.21.0.jar:/Users/hoodozhnik/.m2/repository/io/qameta/allure/allure-model/2.21.0/allure-model-2.21.0.jar:/Users/hoodozhnik/.m2/repository/io/qameta/allure/allure-rest-assured/2.21.0/allure-rest-assured-2.21.0.jar:/Users/hoodozhnik/.m2/repository/io/qameta/allure/allure-attachments/2.21.0/allure-attachments-2.21.0.jar:/Users/hoodozhnik/.m2/repository/org/freemarker/freemarker/2.3.31/freemarker-2.3.31.jar:/Users/hoodozhnik/.m2/repository/org/slf4j/slf4j-nop/2.0.5/slf4j-nop-2.0.5.jar:/Users/hoodozhnik/.m2/repository/org/slf4j/slf4j-api/2.0.5/slf4j-api-2.0.5.jar:"/>
    <property name="java.vm.vendor" value="Oracle Corporation"/>
    <property name="sun.arch.data.model" value="64"/>
    <property name="java.vendor.url" value="https://java.oracle.com/"/>
    <property name="os.name" value="Mac OS X"/>
    <property name="java.vm.specification.version" value="19"/>
    <property name="sun.java.launcher" value="SUN_STANDARD"/>
    <property name="user.country" value="RU"/>
    <property name="sun.boot.library.path" value="/Library/Java/JavaVirtualMachines/jdk-19.jdk/Contents/Home/lib"/>
    <property name="sun.java.command" value="/Users/hoodozhnik/Desktop/Diplom_2/target/surefire/surefirebooter14772136876206929755.jar /Users/hoodozhnik/Desktop/Diplom_2/target/surefire 2023-11-26T21-06-37_333-jvmRun1 surefire73555979999972632tmp surefire_01959665167458784130tmp"/>
    <property name="http.nonProxyHosts" value="local|*.local|169.254/16|*.169.254/16"/>
    <property name="jdk.debug" value="release"/>
    <property name="surefire.test.class.path" value="/Users/hoodozhnik/Desktop/Diplom_2/target/test-classes:/Users/hoodozhnik/Desktop/Diplom_2/target/classes:/Users/hoodozhnik/.m2/repository/io/rest-assured/rest-assured/5.3.1/rest-assured-5.3.1.jar:/Users/hoodozhnik/.m2/repository/org/apache/groovy/groovy/4.0.11/groovy-4.0.11.jar:/Users/hoodozhnik/.m2/repository/org/apache/groovy/groovy-xml/4.0.11/groovy-xml-4.0.11.jar:/Users/hoodozhnik/.m2/repository/org/apache/httpcomponents/httpclient/4.5.13/httpclient-4.5.13.jar:/Users/hoodozhnik/.m2/repository/org/apache/httpcomponents/httpcore/4.4.13/httpcore-4.4.13.jar:/Users/hoodozhnik/.m2/repository/commons-logging/commons-logging/1.2/commons-logging-1.2.jar:/Users/hoodozhnik/.m2/repository/commons-codec/commons-codec/1.11/commons-codec-1.11.jar:/Users/hoodozhnik/.m2/repository/org/apache/httpcomponents/httpmime/4.5.13/httpmime-4.5.13.jar:/Users/hoodozhnik/.m2/repository/org/hamcrest/hamcrest/2.2/hamcrest-2.2.jar:/Users/hoodozhnik/.m2/repository/org/ccil/cowan/tagsoup/tagsoup/1.2.1/tagsoup-1.2.1.jar:/Users/hoodozhnik/.m2/repository/io/rest-assured/json-path/5.3.1/json-path-5.3.1.jar:/Users/hoodozhnik/.m2/repository/org/apache/groovy/groovy-json/4.0.11/groovy-json-4.0.11.jar:/Users/hoodozhnik/.m2/repository/io/rest-assured/rest-assured-common/5.3.1/rest-assured-common-5.3.1.jar:/Users/hoodozhnik/.m2/repository/io/rest-assured/xml-path/5.3.1/xml-path-5.3.1.jar:/Users/hoodozhnik/.m2/repository/org/apache/commons/commons-lang3/3.11/commons-lang3-3.11.jar:/Users/hoodozhnik/.m2/repository/junit/junit/4.13.2/junit-4.13.2.jar:/Users/hoodozhnik/.m2/repository/org/hamcrest/hamcrest-core/1.3/hamcrest-core-1.3.jar:/Users/hoodozhnik/.m2/repository/com/google/code/gson/gson/2.10.1/gson-2.10.1.jar:/Users/hoodozhnik/.m2/repository/io/qameta/allure/allure-junit4/2.21.0/allure-junit4-2.21.0.jar:/Users/hoodozhnik/.m2/repository/io/qameta/allure/allure-java-commons/2.21.0/allure-java-commons-2.21.0.jar:/Users/hoodozhnik/.m2/repository/io/qameta/allure/allure-model/2.21.0/allure-model-2.21.0.jar:/Users/hoodozhnik/.m2/repository/io/qameta/allure/allure-rest-assured/2.21.0/allure-rest-assured-2.21.0.jar:/Users/hoodozhnik/.m2/repository/io/qameta/allure/allure-attachments/2.21.0/allure-attachments-2.21.0.jar:/Users/hoodozhnik/.m2/repository/org/freemarker/freemarker/2.3.31/freemarker-2.3.31.jar:/Users/hoodozhnik/.m2/repository/org/slf4j/slf4j-nop/2.0.5/slf4j-nop-2.0.5.jar:/Users/hoodozhnik/.m2/repository/org/slf4j/slf4j-api/2.0.5/slf4j-api-2.0.5.jar:"/>
    <property name="allure.results.directory" value="/Users/hoodozhnik/Desktop/Diplom_2/target/allure-results"/>
    <property name="sun.cpu.endian" value="little"/>
    <property name="user.home" value="/Users/hoodozhnik"/>
    <property name="user.language" value="ru"/>
    <property name="java.specification.vendor" value="Oracle Corporation"/>
    <property name="java.version.date" value="2023-01-17"/>
    <property name="java.home" value="/Library/Java/JavaVirtualMachines/jdk-19.jdk/Contents/Home"/>
    <property name="file.separator" value="/"/>
    <property name="basedir" value="/Users/hoodozhnik/Desktop/Diplom_2"/>
    <property name="java.vm.compressedOopsMode" value="Zero based"/>
    <property name="line.separator" value="&#10;"/>
    <property name="java.vm.specification.vendor" value="Oracle Corporation"/>
    <property name="java.specification.name" value="Java Platform API Specification"/>
    <property name="apple.awt.application.name" value="ForkedBooter"/>
    <property name="surefire.real.class.path" value="/Users/hoodozhnik/Desktop/Diplom_2/target/surefire/surefirebooter14772136876206929755.jar"/>
    <property name="sun.management.compiler" value="HotSpot 64-Bit Tiered Compilers"/>
    <property name="ftp.nonProxyHosts" value="local|*.local|169.254/16|*.169.254/16"/>
    <property name="java.runtime.version" value="19.0.2+7-44"/>
    <property name="user.name" value="hoodozhnik"/>
    <property name="stdout.encoding" value="UTF-8"/>
    <property name="path.separator" value=":"/>
    <property name="os.version" value="13.5"/>
    <property name="java.runtime.name" value="Java(TM) SE Runtime Environment"/>
    <property name="file.encoding" value="UTF-8"/>
    <property name="java.vm.name" value="Java HotSpot(TM) 64-Bit Server VM"/>
    <property name="localRepository" value="/Users/hoodozhnik/.m2/repository"/>
    <property name="java.vendor.url.bug" value="https://bugreport.java.com/bugreport/"/>
    <property name="java.io.tmpdir" value="/var/folders/rx/66b6jb0n66399v2plnzltj7h0000gn/T/"/>
    <property name="java.version" value="19.0.2"/>
    <property name="user.dir" value="/Users/hoodozhnik/Desktop/Diplom_2"/>
    <property name="os.arch" value="aarch64"/>
    <property name="java.vm.specification.name" value="Java Virtual Machine Specification"/>
    <property name="native.encoding" value="UTF-8"/>
    <property name="java.library.path" value="/Users/hoodozhnik/Library/Java/Extensions:/Library/Java/Extensions:/Network/Library/Java/Extensions:/System/Library/Java/Extensions:/usr/lib/java:."/>
    <property name="java.vm.info" value="mixed mode, sharing"/>
    <property name="stderr.encoding" value="UTF-8"/>
    <property name="java.vendor" value="Oracle Corporation"/>
    <property name="java.vm.version" value="19.0.2+7-44"/>
    <property name="sun.io.unicode.encoding" value="UnicodeBig"/>
    <property name="socksNonProxyHosts" value="local|*.local|169.254/16|*.169.254/16"/>
    <property name="java.class.version" value="63.0"/>
  </properties>
  <testcase name="registrationUserRequiredFieldEmail" classname="UserTest.RegistrationUserTest" time="1.451"/>
  <testcase name="registrationUniqueUser" classname="UserTest.RegistrationUserTest" time="1.512"/>
  <testcase name="registrationNotUniqueUser" classname="UserTest.RegistrationUserTest" time="0.585"/>
  <testcase name="registrationUserRequiredFieldName" classname="UserTest.RegistrationUserTest" time="0.259"/>
  <testcase name="registrationUserRequiredFieldPass" classname="UserTest.RegistrationUserTest" time="0.248"/>
</testsuite>